{"C:\\Users\\Paiss\\Desktop\\pz-task7-component-testing\\src\\App.tsx": {"path":"C:\\Users\\Paiss\\Desktop\\pz-task7-component-testing\\src\\App.tsx","statementMap":{"0":{"start":{"line":7,"column":24},"end":{"line":17,"column":3}},"1":{"start":{"line":8,"column":4},"end":{"line":16,"column":6}}},"fnMap":{"0":{"name":"(anonymous_0)","decl":{"start":{"line":7,"column":24},"end":{"line":7,"column":25}},"loc":{"start":{"line":7,"column":30},"end":{"line":17,"column":3}},"line":7}},"branchMap":{},"s":{"0":1,"1":1},"f":{"0":1},"b":{},"_coverageSchema":"1a1c01bbd47fc00a2c39e90264f33305004495a9","hash":"5b055c9100e31782b1ab66079496152f4e6caf2a"}
,"C:\\Users\\Paiss\\Desktop\\pz-task7-component-testing\\src\\main.tsx": {"path":"C:\\Users\\Paiss\\Desktop\\pz-task7-component-testing\\src\\main.tsx","statementMap":{"0":{"start":{"line":7,"column":0},"end":{"line":13,"column":2}}},"fnMap":{},"branchMap":{},"s":{"0":1},"f":{},"b":{},"_coverageSchema":"1a1c01bbd47fc00a2c39e90264f33305004495a9","hash":"22c43d8a47b6f6d6ccb05cf8eb3b80f02b3ef8e8"}
,"C:\\Users\\Paiss\\Desktop\\pz-task7-component-testing\\src\\vite-env.d.ts": {"path":"C:\\Users\\Paiss\\Desktop\\pz-task7-component-testing\\src\\vite-env.d.ts","statementMap":{},"fnMap":{},"branchMap":{},"s":{},"f":{},"b":{}}
,"C:\\Users\\Paiss\\Desktop\\pz-task7-component-testing\\src\\components\\Button\\index.tsx": {"path":"C:\\Users\\Paiss\\Desktop\\pz-task7-component-testing\\src\\components\\Button\\index.tsx","statementMap":{"0":{"start":{"line":10,"column":38},"end":{"line":19,"column":1}},"1":{"start":{"line":11,"column":2},"end":{"line":18,"column":4}}},"fnMap":{"0":{"name":"(anonymous_0)","decl":{"start":{"line":10,"column":38},"end":{"line":10,"column":39}},"loc":{"start":{"line":10,"column":69},"end":{"line":19,"column":1}},"line":10}},"branchMap":{"0":{"loc":{"start":{"line":14,"column":20},"end":{"line":14,"column":38}},"type":"cond-expr","locations":[{"start":{"line":14,"column":28},"end":{"line":14,"column":33}},{"start":{"line":14,"column":36},"end":{"line":14,"column":38}}],"line":14}},"s":{"0":5,"1":24},"f":{"0":24},"b":{"0":[17,7]},"_coverageSchema":"1a1c01bbd47fc00a2c39e90264f33305004495a9","hash":"efcbe361ca10855ae1f05ce3d408ddb40fdbdbad"}
,"C:\\Users\\Paiss\\Desktop\\pz-task7-component-testing\\src\\components\\Footer\\index.tsx": {"path":"C:\\Users\\Paiss\\Desktop\\pz-task7-component-testing\\src\\components\\Footer\\index.tsx","statementMap":{"0":{"start":{"line":4,"column":25},"end":{"line":34,"column":1}},"1":{"start":{"line":5,"column":2},"end":{"line":33,"column":4}}},"fnMap":{"0":{"name":"(anonymous_0)","decl":{"start":{"line":4,"column":25},"end":{"line":4,"column":26}},"loc":{"start":{"line":4,"column":31},"end":{"line":34,"column":1}},"line":4}},"branchMap":{},"s":{"0":2,"1":5},"f":{"0":5},"b":{},"_coverageSchema":"1a1c01bbd47fc00a2c39e90264f33305004495a9","hash":"b1aea8f22f69f8daf089a4593f2cebb7a42ee35b"}
,"C:\\Users\\Paiss\\Desktop\\pz-task7-component-testing\\src\\components\\Form\\index.tsx": {"path":"C:\\Users\\Paiss\\Desktop\\pz-task7-component-testing\\src\\components\\Form\\index.tsx","statementMap":{"0":{"start":{"line":5,"column":23},"end":{"line":89,"column":1}},"1":{"start":{"line":7,"column":17},"end":{"line":27,"column":4}},"2":{"start":{"line":21,"column":6},"end":{"line":21,"column":50}},"3":{"start":{"line":22,"column":6},"end":{"line":22,"column":56}},"4":{"start":{"line":25,"column":6},"end":{"line":25,"column":25}},"5":{"start":{"line":29,"column":2},"end":{"line":88,"column":4}}},"fnMap":{"0":{"name":"(anonymous_0)","decl":{"start":{"line":5,"column":23},"end":{"line":5,"column":24}},"loc":{"start":{"line":5,"column":29},"end":{"line":89,"column":1}},"line":5},"1":{"name":"(anonymous_1)","decl":{"start":{"line":20,"column":14},"end":{"line":20,"column":15}},"loc":{"start":{"line":20,"column":26},"end":{"line":26,"column":5}},"line":20}},"branchMap":{"0":{"loc":{"start":{"line":45,"column":9},"end":{"line":47,"column":9}},"type":"binary-expr","locations":[{"start":{"line":45,"column":9},"end":{"line":45,"column":28}},{"start":{"line":45,"column":32},"end":{"line":45,"column":50}},{"start":{"line":46,"column":10},"end":{"line":46,"column":74}}],"line":45},"1":{"loc":{"start":{"line":61,"column":9},"end":{"line":63,"column":9}},"type":"binary-expr","locations":[{"start":{"line":61,"column":9},"end":{"line":61,"column":29}},{"start":{"line":61,"column":33},"end":{"line":61,"column":52}},{"start":{"line":62,"column":10},"end":{"line":62,"column":75}}],"line":61},"2":{"loc":{"start":{"line":76,"column":9},"end":{"line":78,"column":9}},"type":"binary-expr","locations":[{"start":{"line":76,"column":9},"end":{"line":76,"column":31}},{"start":{"line":76,"column":35},"end":{"line":76,"column":56}},{"start":{"line":77,"column":10},"end":{"line":77,"column":77}}],"line":76}},"s":{"0":3,"1":16,"2":2,"3":2,"4":2,"5":16},"f":{"0":16,"1":2},"b":{"0":[16,4,1],"1":[16,4,1],"2":[16,4,1]},"_coverageSchema":"1a1c01bbd47fc00a2c39e90264f33305004495a9","hash":"56099a0054e26f90039b3a884637781b05ed5fee"}
,"C:\\Users\\Paiss\\Desktop\\pz-task7-component-testing\\src\\components\\Hero\\index.tsx": {"path":"C:\\Users\\Paiss\\Desktop\\pz-task7-component-testing\\src\\components\\Hero\\index.tsx","statementMap":{"0":{"start":{"line":8,"column":23},"end":{"line":77,"column":1}},"1":{"start":{"line":9,"column":19},"end":{"line":9,"column":32}},"2":{"start":{"line":11,"column":28},"end":{"line":13,"column":3}},"3":{"start":{"line":12,"column":4},"end":{"line":12,"column":25}},"4":{"start":{"line":15,"column":2},"end":{"line":76,"column":4}}},"fnMap":{"0":{"name":"(anonymous_0)","decl":{"start":{"line":8,"column":23},"end":{"line":8,"column":24}},"loc":{"start":{"line":8,"column":29},"end":{"line":77,"column":1}},"line":8},"1":{"name":"(anonymous_1)","decl":{"start":{"line":11,"column":28},"end":{"line":11,"column":29}},"loc":{"start":{"line":11,"column":34},"end":{"line":13,"column":3}},"line":11}},"branchMap":{},"s":{"0":2,"1":5,"2":5,"3":1,"4":5},"f":{"0":5,"1":1},"b":{},"_coverageSchema":"1a1c01bbd47fc00a2c39e90264f33305004495a9","hash":"6a83333f9ad8fe4bfa9b24c67c2c20b15857cea6"}
,"C:\\Users\\Paiss\\Desktop\\pz-task7-component-testing\\src\\components\\Layout\\index.tsx": {"path":"C:\\Users\\Paiss\\Desktop\\pz-task7-component-testing\\src\\components\\Layout\\index.tsx","statementMap":{"0":{"start":{"line":5,"column":15},"end":{"line":13,"column":1}},"1":{"start":{"line":6,"column":2},"end":{"line":12,"column":4}}},"fnMap":{"0":{"name":"(anonymous_0)","decl":{"start":{"line":5,"column":15},"end":{"line":5,"column":16}},"loc":{"start":{"line":5,"column":21},"end":{"line":13,"column":1}},"line":5}},"branchMap":{},"s":{"0":1,"1":1},"f":{"0":1},"b":{},"_coverageSchema":"1a1c01bbd47fc00a2c39e90264f33305004495a9","hash":"b226f99d02bb642190045d2a172b2414ea8cb653"}
,"C:\\Users\\Paiss\\Desktop\\pz-task7-component-testing\\src\\components\\Navbar\\index.tsx": {"path":"C:\\Users\\Paiss\\Desktop\\pz-task7-component-testing\\src\\components\\Navbar\\index.tsx","statementMap":{"0":{"start":{"line":4,"column":25},"end":{"line":94,"column":1}},"1":{"start":{"line":5,"column":48},"end":{"line":5,"column":63}},"2":{"start":{"line":7,"column":27},"end":{"line":9,"column":3}},"3":{"start":{"line":8,"column":4},"end":{"line":8,"column":41}},"4":{"start":{"line":11,"column":2},"end":{"line":93,"column":4}}},"fnMap":{"0":{"name":"(anonymous_0)","decl":{"start":{"line":4,"column":25},"end":{"line":4,"column":26}},"loc":{"start":{"line":4,"column":31},"end":{"line":94,"column":1}},"line":4},"1":{"name":"(anonymous_1)","decl":{"start":{"line":7,"column":27},"end":{"line":7,"column":28}},"loc":{"start":{"line":7,"column":33},"end":{"line":9,"column":3}},"line":7}},"branchMap":{"0":{"loc":{"start":{"line":56,"column":7},"end":{"line":91,"column":7}},"type":"binary-expr","locations":[{"start":{"line":56,"column":7},"end":{"line":56,"column":23}},{"start":{"line":57,"column":8},"end":{"line":90,"column":14}}],"line":56}},"s":{"0":2,"1":3,"2":3,"3":1,"4":3},"f":{"0":3,"1":1},"b":{"0":[3,1]},"_coverageSchema":"1a1c01bbd47fc00a2c39e90264f33305004495a9","hash":"bc9706608befb6f18e255f417b40cb96ef2a8344"}
,"C:\\Users\\Paiss\\Desktop\\pz-task7-component-testing\\src\\components\\Projects\\index.tsx": {"path":"C:\\Users\\Paiss\\Desktop\\pz-task7-component-testing\\src\\components\\Projects\\index.tsx","statementMap":{"0":{"start":{"line":3,"column":27},"end":{"line":67,"column":1}},"1":{"start":{"line":4,"column":19},"end":{"line":35,"column":3}},"2":{"start":{"line":37,"column":2},"end":{"line":66,"column":4}},"3":{"start":{"line":50,"column":12},"end":{"line":61,"column":18}}},"fnMap":{"0":{"name":"(anonymous_0)","decl":{"start":{"line":3,"column":27},"end":{"line":3,"column":28}},"loc":{"start":{"line":3,"column":33},"end":{"line":67,"column":1}},"line":3},"1":{"name":"(anonymous_1)","decl":{"start":{"line":49,"column":24},"end":{"line":49,"column":25}},"loc":{"start":{"line":50,"column":12},"end":{"line":61,"column":18}},"line":50}},"branchMap":{},"s":{"0":2,"1":5,"2":5,"3":30},"f":{"0":5,"1":30},"b":{},"_coverageSchema":"1a1c01bbd47fc00a2c39e90264f33305004495a9","hash":"111925c87ebf71f81cb4187c8b1239c839d99fb8"}
,"C:\\Users\\Paiss\\Desktop\\pz-task7-component-testing\\src\\components\\Skills\\index.tsx": {"path":"C:\\Users\\Paiss\\Desktop\\pz-task7-component-testing\\src\\components\\Skills\\index.tsx","statementMap":{"0":{"start":{"line":3,"column":25},"end":{"line":40,"column":1}},"1":{"start":{"line":4,"column":17},"end":{"line":13,"column":3}},"2":{"start":{"line":15,"column":2},"end":{"line":39,"column":4}},"3":{"start":{"line":25,"column":14},"end":{"line":33,"column":20}}},"fnMap":{"0":{"name":"(anonymous_0)","decl":{"start":{"line":3,"column":25},"end":{"line":3,"column":26}},"loc":{"start":{"line":3,"column":31},"end":{"line":40,"column":1}},"line":3},"1":{"name":"(anonymous_1)","decl":{"start":{"line":24,"column":24},"end":{"line":24,"column":25}},"loc":{"start":{"line":25,"column":14},"end":{"line":33,"column":20}},"line":25}},"branchMap":{},"s":{"0":2,"1":3,"2":3,"3":24},"f":{"0":3,"1":24},"b":{},"_coverageSchema":"1a1c01bbd47fc00a2c39e90264f33305004495a9","hash":"315e13ba98fe1647ecd20811641dbd4b7fcfaeca"}
,"C:\\Users\\Paiss\\Desktop\\pz-task7-component-testing\\src\\pages\\About\\index.tsx": {"path":"C:\\Users\\Paiss\\Desktop\\pz-task7-component-testing\\src\\pages\\About\\index.tsx","statementMap":{"0":{"start":{"line":3,"column":14},"end":{"line":32,"column":1}},"1":{"start":{"line":4,"column":2},"end":{"line":31,"column":4}}},"fnMap":{"0":{"name":"(anonymous_0)","decl":{"start":{"line":3,"column":14},"end":{"line":3,"column":15}},"loc":{"start":{"line":3,"column":20},"end":{"line":32,"column":1}},"line":3}},"branchMap":{},"s":{"0":2,"1":6},"f":{"0":6},"b":{},"_coverageSchema":"1a1c01bbd47fc00a2c39e90264f33305004495a9","hash":"44c1d4db20a45fac40ffd83e9f6fcb8e5fb6a01f"}
,"C:\\Users\\Paiss\\Desktop\\pz-task7-component-testing\\src\\pages\\Contact\\index.tsx": {"path":"C:\\Users\\Paiss\\Desktop\\pz-task7-component-testing\\src\\pages\\Contact\\index.tsx","statementMap":{"0":{"start":{"line":3,"column":16},"end":{"line":17,"column":1}},"1":{"start":{"line":4,"column":2},"end":{"line":16,"column":4}}},"fnMap":{"0":{"name":"(anonymous_0)","decl":{"start":{"line":3,"column":16},"end":{"line":3,"column":17}},"loc":{"start":{"line":3,"column":22},"end":{"line":17,"column":1}},"line":3}},"branchMap":{},"s":{"0":2,"1":1},"f":{"0":1},"b":{},"_coverageSchema":"1a1c01bbd47fc00a2c39e90264f33305004495a9","hash":"dd77fcea6139133530357c2624645c9e9d5aba07"}
,"C:\\Users\\Paiss\\Desktop\\pz-task7-component-testing\\src\\pages\\Home\\index.tsx": {"path":"C:\\Users\\Paiss\\Desktop\\pz-task7-component-testing\\src\\pages\\Home\\index.tsx","statementMap":{"0":{"start":{"line":6,"column":13},"end":{"line":15,"column":1}},"1":{"start":{"line":8,"column":2},"end":{"line":14,"column":4}}},"fnMap":{"0":{"name":"(anonymous_0)","decl":{"start":{"line":6,"column":13},"end":{"line":6,"column":14}},"loc":{"start":{"line":6,"column":19},"end":{"line":15,"column":1}},"line":6}},"branchMap":{},"s":{"0":2,"1":1},"f":{"0":1},"b":{},"_coverageSchema":"1a1c01bbd47fc00a2c39e90264f33305004495a9","hash":"32f1e0d86b790168e64933b731ebb0ba8f7b76f1"}
}
