TN:
SF:src\App.tsx
FN:7,(anonymous_0)
FNF:1
FNH:1
FNDA:1,(anonymous_0)
DA:7,1
DA:8,1
LF:2
LH:2
BRF:0
BRH:0
end_of_record
TN:
SF:src\main.tsx
FNF:0
FNH:0
DA:7,1
LF:1
LH:1
BRF:0
BRH:0
end_of_record
TN:
SF:src\vite-env.d.ts
FNF:0
FNH:0
LF:0
LH:0
BRF:0
BRH:0
end_of_record
TN:
SF:src\components\Button\index.tsx
FN:10,(anonymous_0)
FNF:1
FNH:1
FNDA:24,(anonymous_0)
DA:10,5
DA:11,24
LF:2
LH:2
BRDA:14,0,0,17
BRDA:14,0,1,7
BRF:2
BRH:2
end_of_record
TN:
SF:src\components\Footer\index.tsx
FN:4,(anonymous_0)
FNF:1
FNH:1
FNDA:5,(anonymous_0)
DA:4,2
DA:5,5
LF:2
LH:2
BRF:0
BRH:0
end_of_record
TN:
SF:src\components\Form\index.tsx
FN:5,(anonymous_0)
FN:20,(anonymous_1)
FNF:2
FNH:2
FNDA:16,(anonymous_0)
FNDA:2,(anonymous_1)
DA:5,3
DA:7,16
DA:21,2
DA:22,2
DA:25,2
DA:29,16
LF:6
LH:6
BRDA:45,0,0,16
BRDA:45,0,1,4
BRDA:45,0,2,1
BRDA:61,1,0,16
BRDA:61,1,1,4
BRDA:61,1,2,1
BRDA:76,2,0,16
BRDA:76,2,1,4
BRDA:76,2,2,1
BRF:9
BRH:9
end_of_record
TN:
SF:src\components\Hero\index.tsx
FN:8,(anonymous_0)
FN:11,(anonymous_1)
FNF:2
FNH:2
FNDA:5,(anonymous_0)
FNDA:1,(anonymous_1)
DA:8,2
DA:9,5
DA:11,5
DA:12,1
DA:15,5
LF:5
LH:5
BRF:0
BRH:0
end_of_record
TN:
SF:src\components\Layout\index.tsx
FN:5,(anonymous_0)
FNF:1
FNH:1
FNDA:1,(anonymous_0)
DA:5,1
DA:6,1
LF:2
LH:2
BRF:0
BRH:0
end_of_record
TN:
SF:src\components\Navbar\index.tsx
FN:4,(anonymous_0)
FN:7,(anonymous_1)
FNF:2
FNH:2
FNDA:3,(anonymous_0)
FNDA:1,(anonymous_1)
DA:4,2
DA:5,3
DA:7,3
DA:8,1
DA:11,3
LF:5
LH:5
BRDA:56,0,0,3
BRDA:56,0,1,1
BRF:2
BRH:2
end_of_record
TN:
SF:src\components\Projects\index.tsx
FN:3,(anonymous_0)
FN:49,(anonymous_1)
FNF:2
FNH:2
FNDA:5,(anonymous_0)
FNDA:30,(anonymous_1)
DA:3,2
DA:4,5
DA:37,5
DA:50,30
LF:4
LH:4
BRF:0
BRH:0
end_of_record
TN:
SF:src\components\Skills\index.tsx
FN:3,(anonymous_0)
FN:24,(anonymous_1)
FNF:2
FNH:2
FNDA:3,(anonymous_0)
FNDA:24,(anonymous_1)
DA:3,2
DA:4,3
DA:15,3
DA:25,24
LF:4
LH:4
BRF:0
BRH:0
end_of_record
TN:
SF:src\pages\About\index.tsx
FN:3,(anonymous_0)
FNF:1
FNH:1
FNDA:6,(anonymous_0)
DA:3,2
DA:4,6
LF:2
LH:2
BRF:0
BRH:0
end_of_record
TN:
SF:src\pages\Contact\index.tsx
FN:3,(anonymous_0)
FNF:1
FNH:1
FNDA:1,(anonymous_0)
DA:3,2
DA:4,1
LF:2
LH:2
BRF:0
BRH:0
end_of_record
TN:
SF:src\pages\Home\index.tsx
FN:6,(anonymous_0)
FNF:1
FNH:1
FNDA:1,(anonymous_0)
DA:6,2
DA:8,1
LF:2
LH:2
BRF:0
BRH:0
end_of_record
